<?xml version="1.0" encoding="UTF-8"?>
<!-- Generated by org.testng.reporters.JUnitReportReporter -->
<testsuite hostname="TYSS-Sumanth-Chinivar" failures="0" tests="10" name="runners.CucumberRunner" time="0.852" errors="10" timestamp="2024-10-25T14:28:25 IST" skipped="0">
  <testcase classname="runners.CucumberRunner" name="runScenario" time="0.016">
    <error type="java.lang.NullPointerException">
      <![CDATA[java.lang.NullPointerException
at stepDefinition.LoginLogout.browser_is_launched_and_url_is_navigated(LoginLogout.java:28)
at ✽.Browser is launched and url is navigated(file:///C:/Users/user/eclipse-workspace/LearningBDDFrameWork2/./src/test/resources/featureFiles/ValidLoginCredentials.feature:5)
]]>
    </error>
  </testcase> <!-- runScenario -->
  <system-out/>
  <testcase classname="runners.CucumberRunner" name="runScenario" time="0.033">
    <error type="java.lang.NullPointerException">
      <![CDATA[java.lang.NullPointerException
at stepDefinition.LoginLogout.browser_is_launched_and_url_is_navigated(LoginLogout.java:28)
at ✽.Browser is launched and url is navigated(file:///C:/Users/user/eclipse-workspace/LearningBDDFrameWork2/./src/test/resources/featureFiles/ValidLoginCredentials.feature:5)
]]>
    </error>
  </testcase> <!-- runScenario -->
  <system-out/>
  <testcase classname="runners.CucumberRunner" name="runScenario" time="0.033">
    <error type="java.lang.NullPointerException">
      <![CDATA[java.lang.NullPointerException
at stepDefinition.LoginLogout.browser_is_launched_and_url_is_navigated(LoginLogout.java:28)
at ✽.Browser is launched and url is navigated(file:///C:/Users/user/eclipse-workspace/LearningBDDFrameWork2/./src/test/resources/featureFiles/SortAlphabeticallyInAscendingOrder.feature:5)
]]>
    </error>
  </testcase> <!-- runScenario -->
  <system-out/>
  <testcase classname="runners.CucumberRunner" name="runScenario" time="0.231">
    <error type="java.lang.NullPointerException">
      <![CDATA[java.lang.NullPointerException
at stepDefinition.LoginLogout.browser_is_launched_and_url_is_navigated(LoginLogout.java:28)
at ✽.Browser is launched and url is navigated(file:///C:/Users/user/eclipse-workspace/LearningBDDFrameWork2/./src/test/resources/featureFiles/LoginLogout.feature:5)
]]>
    </error>
  </testcase> <!-- runScenario -->
  <system-out/>
  <testcase classname="runners.CucumberRunner" name="runScenario" time="0.032">
    <error type="java.lang.NullPointerException">
      <![CDATA[java.lang.NullPointerException
at stepDefinition.LoginLogout.browser_is_launched_and_url_is_navigated(LoginLogout.java:28)
at ✽.Browser is launched and url is navigated(file:///C:/Users/user/eclipse-workspace/LearningBDDFrameWork2/./src/test/resources/featureFiles/SortAlphabeticallyInDescendingOrder.feature:5)
]]>
    </error>
  </testcase> <!-- runScenario -->
  <system-out/>
  <testcase classname="runners.CucumberRunner" name="runScenario" time="0.016">
    <error type="java.lang.NullPointerException">
      <![CDATA[java.lang.NullPointerException
at stepDefinition.LoginLogout.browser_is_launched_and_url_is_navigated(LoginLogout.java:28)
at ✽.Browser is launched and url is navigated(file:///C:/Users/user/eclipse-workspace/LearningBDDFrameWork2/./src/test/resources/featureFiles/ValidLoginCredentials.feature:5)
]]>
    </error>
  </testcase> <!-- runScenario -->
  <system-out/>
  <testcase classname="runners.CucumberRunner" name="runScenario" time="0.010">
    <error type="java.lang.NullPointerException">
      <![CDATA[java.lang.NullPointerException
at stepDefinition.LoginLogout.browser_is_launched_and_url_is_navigated(LoginLogout.java:28)
at ✽.Browser is launched and url is navigated(file:///C:/Users/user/eclipse-workspace/LearningBDDFrameWork2/./src/test/resources/featureFiles/ValidLoginCredentials.feature:5)
]]>
    </error>
  </testcase> <!-- runScenario -->
  <system-out/>
  <testcase classname="runners.CucumberRunner" name="runScenario" time="0.231">
    <error type="java.lang.NullPointerException">
      <![CDATA[java.lang.NullPointerException
at stepDefinition.LoginLogout.browser_is_launched_and_url_is_navigated(LoginLogout.java:28)
at ✽.Browser is launched and url is navigated(file:///C:/Users/user/eclipse-workspace/LearningBDDFrameWork2/./src/test/resources/featureFiles/Cart.feature:5)
]]>
    </error>
  </testcase> <!-- runScenario -->
  <system-out/>
  <testcase classname="runners.CucumberRunner" name="runScenario" time="0.231">
    <error type="java.lang.NullPointerException">
      <![CDATA[java.lang.NullPointerException
at stepDefinition.LoginLogout.browser_is_launched_and_url_is_navigated(LoginLogout.java:28)
at ✽.Browser is launched and url is navigated(file:///C:/Users/user/eclipse-workspace/LearningBDDFrameWork2/./src/test/resources/featureFiles/BuyProduct.feature:5)
]]>
    </error>
  </testcase> <!-- runScenario -->
  <system-out/>
  <testcase classname="runners.CucumberRunner" name="runScenario" time="0.019">
    <error type="java.lang.NullPointerException">
      <![CDATA[java.lang.NullPointerException
at stepDefinition.LoginLogout.browser_is_launched_and_url_is_navigated(LoginLogout.java:28)
at ✽.Browser is launched and url is navigated(file:///C:/Users/user/eclipse-workspace/LearningBDDFrameWork2/./src/test/resources/featureFiles/ValidLoginCredentials.feature:5)
]]>
    </error>
  </testcase> <!-- runScenario -->
  <system-out/>
</testsuite> <!-- runners.CucumberRunner -->
